2022-09-04 22:59:01,356 [main] INFO CucumberJava - ************Launching Browser************
2022-09-04 22:59:04,099 [main] INFO CucumberJava - ************Opening Tacton CPQ Test2************
2022-09-04 22:59:07,652 [main] INFO CucumberJava - ************Login************
2022-09-04 22:59:13,580 [main] INFO CucumberJava - ************Account page shown************
2022-09-04 22:59:16,994 [main] INFO CucumberJava - ************Account search************
2022-09-04 22:59:17,091 [main] INFO CucumberJava - ************Show Account in result page************
2022-09-04 22:59:50,348 [main] INFO CucumberJava - ************Launching Browser************
2022-09-04 22:59:53,721 [main] INFO CucumberJava - ************Opening Tacton CPQ Test2************
2022-09-04 22:59:57,277 [main] INFO CucumberJava - ************Login************
2022-09-04 23:00:03,321 [main] INFO CucumberJava - ************Account page shown************
2022-09-04 23:00:06,714 [main] INFO CucumberJava - ************Account search************
2022-09-04 23:00:06,795 [main] INFO CucumberJava - ************Show Account in result page************
2022-09-04 23:00:11,925 [main] INFO CucumberJava - ************Click in account from page result************
2022-09-04 23:00:16,320 [main] INFO CucumberJava - ************Create Opportunity form shown************
2022-09-04 23:00:18,485 [main] INFO CucumberJava - ************Opportunity form displayed************
2022-09-04 23:00:21,531 [main] INFO CucumberJava - ************Opportunity details completion in form************
2022-09-04 23:30:23,988 [main] INFO CucumberJava - ************Opening Tacton CPQ Test2************
2022-09-04 23:33:01,140 [main] INFO CucumberJava - ************Opening Tacton CPQ Test2************
2022-09-04 23:38:05,654 [main] INFO CucumberJava - ************Launching Browser************
2022-09-04 23:38:08,149 [main] INFO CucumberJava - ************Opening Tacton CPQ Test2************
2022-09-04 23:38:11,982 [main] INFO CucumberJava - ************Login************
2022-09-04 23:38:18,072 [main] INFO CucumberJava - ************Account page shown************
2022-09-04 23:38:21,758 [main] INFO CucumberJava - ************Account search************
2022-09-04 23:38:21,858 [main] INFO CucumberJava - ************Show Account in result page************
2022-09-04 23:38:26,973 [main] INFO CucumberJava - ************Click in account from page result************
2022-09-04 23:38:33,004 [main] INFO CucumberJava - ************Create Opportunity form shown************
2022-09-04 23:38:35,169 [main] INFO CucumberJava - ************Opportunity form displayed************
2022-09-04 23:38:38,228 [main] INFO CucumberJava - ************Opportunity details completion in form************
2022-09-04 23:49:12,744 [main] INFO CucumberJava - ************Launching Browser************
2022-09-04 23:49:15,323 [main] INFO CucumberJava - ************Opening Tacton CPQ Test2************
2022-09-04 23:49:18,900 [main] INFO CucumberJava - ************Login************
2022-09-04 23:49:24,845 [main] INFO CucumberJava - ************Account page shown************
2022-09-04 23:49:28,439 [main] INFO CucumberJava - ************Account search************
2022-09-04 23:49:28,516 [main] INFO CucumberJava - ************Show Account in result page************
2022-09-04 23:49:33,641 [main] INFO CucumberJava - ************Click in account from page result************
2022-09-04 23:49:38,111 [main] INFO CucumberJava - ************Create Opportunity form shown************
2022-09-04 23:49:40,212 [main] INFO CucumberJava - ************Opportunity form displayed************
2022-09-04 23:49:43,248 [main] INFO CucumberJava - ************Opportunity details completion in form************
2022-09-05 00:02:35,478 [main] INFO CucumberJava - ************Launching Browser************
2022-09-05 00:02:38,256 [main] INFO CucumberJava - ************Opening Tacton CPQ Test2************
2022-09-05 00:02:41,818 [main] INFO CucumberJava - ************Login************
2022-09-05 00:02:47,945 [main] INFO CucumberJava - ************Account page shown************
2022-09-05 00:02:51,346 [main] INFO CucumberJava - ************Account search************
2022-09-05 00:02:51,459 [main] INFO CucumberJava - ************Show Account in result page************
2022-09-05 00:02:56,590 [main] INFO CucumberJava - ************Click in account from page result************
2022-09-05 00:03:01,051 [main] INFO CucumberJava - ************Create Opportunity form shown************
2022-09-05 00:03:03,185 [main] INFO CucumberJava - ************Opportunity form displayed************
2022-09-05 00:03:06,243 [main] INFO CucumberJava - ************Opportunity details completion in form************
2022-09-05 00:05:59,064 [main] INFO CucumberJava - ************Launching Browser************
2022-09-05 00:06:01,658 [main] INFO CucumberJava - ************Opening Tacton CPQ Test2************
2022-09-05 00:06:05,037 [main] INFO CucumberJava - ************Login************
2022-09-05 00:06:11,025 [main] INFO CucumberJava - ************Account page shown************
2022-09-05 00:06:14,385 [main] INFO CucumberJava - ************Account search************
2022-09-05 00:06:14,492 [main] INFO CucumberJava - ************Show Account in result page************
2022-09-05 00:06:19,603 [main] INFO CucumberJava - ************Click in account from page result************
2022-09-05 00:06:23,986 [main] INFO CucumberJava - ************Create Opportunity form shown************
2022-09-05 00:06:26,067 [main] INFO CucumberJava - ************Opportunity form displayed************
2022-09-05 00:06:29,118 [main] INFO CucumberJava - ************Opportunity details completion in form************
2022-09-05 00:15:30,681 [main] INFO CucumberJava - ************Launching Browser************
2022-09-05 00:15:34,824 [main] INFO CucumberJava - ************Opening Tacton CPQ Test2************
2022-09-05 00:15:38,481 [main] INFO CucumberJava - ************Login************
2022-09-05 00:15:44,841 [main] INFO CucumberJava - ************Account page shown************
2022-09-05 00:15:48,271 [main] INFO CucumberJava - ************Account search************
2022-09-05 00:15:48,429 [main] INFO CucumberJava - ************Show Account in result page************
2022-09-05 00:15:53,584 [main] INFO CucumberJava - ************Click in account from page result************
2022-09-05 00:15:58,119 [main] INFO CucumberJava - ************Create Opportunity form shown************
2022-09-05 00:16:00,233 [main] INFO CucumberJava - ************Opportunity form displayed************
2022-09-05 00:16:03,282 [main] INFO CucumberJava - ************Opportunity details completion in form************
2022-09-05 00:18:02,002 [main] INFO CucumberJava - ************Launching Browser************
2022-09-05 00:18:09,463 [main] INFO CucumberJava - ************Opening Tacton CPQ Test2************
2022-09-05 00:18:13,545 [main] INFO CucumberJava - ************Login************
2022-09-05 00:18:20,236 [main] INFO CucumberJava - ************Account page shown************
2022-09-05 00:18:23,719 [main] INFO CucumberJava - ************Account search************
2022-09-05 00:18:23,812 [main] INFO CucumberJava - ************Show Account in result page************
2022-09-05 00:18:28,929 [main] INFO CucumberJava - ************Click in account from page result************
2022-09-05 00:18:33,635 [main] INFO CucumberJava - ************Create Opportunity form shown************
2022-09-05 00:18:35,880 [main] INFO CucumberJava - ************Opportunity form displayed************
2022-09-05 00:19:50,342 [main] INFO CucumberJava - ************Launching Browser************
2022-09-05 00:19:55,939 [main] INFO CucumberJava - ************Opening Tacton CPQ Test2************
2022-09-05 00:19:59,734 [main] INFO CucumberJava - ************Login************
2022-09-05 00:20:06,297 [main] INFO CucumberJava - ************Account page shown************
2022-09-05 00:20:09,880 [main] INFO CucumberJava - ************Account search************
2022-09-05 00:20:10,043 [main] INFO CucumberJava - ************Show Account in result page************
2022-09-05 00:20:15,212 [main] INFO CucumberJava - ************Click in account from page result************
2022-09-05 00:20:19,847 [main] INFO CucumberJava - ************Create Opportunity form shown************
2022-09-05 00:20:22,011 [main] INFO CucumberJava - ************Opportunity form displayed************
2022-09-05 00:21:19,653 [main] INFO CucumberJava - ************Launching Browser************
2022-09-05 00:21:27,204 [main] INFO CucumberJava - ************Opening Tacton CPQ Test2************
2022-09-05 00:21:31,183 [main] INFO CucumberJava - ************Login************
2022-09-05 00:21:37,993 [main] INFO CucumberJava - ************Account page shown************
2022-09-05 00:21:41,850 [main] INFO CucumberJava - ************Account search************
2022-09-05 00:21:41,950 [main] INFO CucumberJava - ************Show Account in result page************
2022-09-05 00:21:47,108 [main] INFO CucumberJava - ************Click in account from page result************
2022-09-05 00:21:51,556 [main] INFO CucumberJava - ************Create Opportunity form shown************
2022-09-05 00:21:53,723 [main] INFO CucumberJava - ************Opportunity form displayed************
2022-09-05 00:21:56,809 [main] INFO CucumberJava - ************Opportunity details completion in form************
2022-09-05 11:03:10,399 [main] INFO CucumberJava - ************Launching Browser************
2022-09-05 11:03:13,452 [main] INFO CucumberJava - ************Opening Tacton CPQ Test2************
2022-09-05 11:03:17,288 [main] INFO CucumberJava - ************Login************
2022-09-05 11:03:23,259 [main] INFO CucumberJava - ************Account page shown************
2022-09-05 11:03:26,750 [main] INFO CucumberJava - ************Account search************
2022-09-05 11:03:26,849 [main] INFO CucumberJava - ************Show Account in result page************
2022-09-05 11:03:31,977 [main] INFO CucumberJava - ************Click in account from page result************
2022-09-05 11:03:36,617 [main] INFO CucumberJava - ************Create Opportunity form shown************
2022-09-05 11:03:38,793 [main] INFO CucumberJava - ************Opportunity form displayed************
2022-09-05 11:03:41,870 [main] INFO CucumberJava - ************Opportunity details completion in form************
2022-09-05 11:19:02,324 [main] INFO CucumberJava - ************Launching Browser************
2022-09-05 11:19:04,655 [main] INFO CucumberJava - ************Opening Tacton CPQ Test2************
2022-09-05 11:19:08,284 [main] INFO CucumberJava - ************Login************
2022-09-05 11:19:14,196 [main] INFO CucumberJava - ************Account page shown************
2022-09-05 11:19:17,603 [main] INFO CucumberJava - ************Account search************
2022-09-05 11:19:17,701 [main] INFO CucumberJava - ************Show Account in result page************
2022-09-05 11:19:22,824 [main] INFO CucumberJava - ************Click in account from page result************
2022-09-05 11:19:27,233 [main] INFO CucumberJava - ************Create Opportunity form shown************
2022-09-05 11:19:29,335 [main] INFO CucumberJava - ************Opportunity form displayed************
2022-09-05 11:19:32,386 [main] INFO CucumberJava - ************Opportunity details completion in form************
2022-09-05 11:24:54,610 [main] INFO CucumberJava - ************Launching Browser************
2022-09-05 11:24:57,299 [main] INFO CucumberJava - ************Opening Tacton CPQ Test2************
2022-09-05 11:25:00,612 [main] INFO CucumberJava - ************Login************
2022-09-05 11:25:06,495 [main] INFO CucumberJava - ************Account page shown************
2022-09-05 11:25:09,878 [main] INFO CucumberJava - ************Account search************
2022-09-05 11:25:09,990 [main] INFO CucumberJava - ************Show Account in result page************
2022-09-05 11:25:15,107 [main] INFO CucumberJava - ************Click in account from page result************
2022-09-05 11:25:19,548 [main] INFO CucumberJava - ************Create Opportunity form shown************
2022-09-05 11:25:21,668 [main] INFO CucumberJava - ************Opportunity form displayed************
2022-09-05 11:25:24,737 [main] INFO CucumberJava - ************Opportunity details completion in form************
2022-09-05 11:36:58,587 [main] INFO CucumberJava - ************Launching Browser************
2022-09-05 11:37:03,025 [main] INFO CucumberJava - ************Opening Tacton CPQ Test2************
2022-09-05 11:37:06,752 [main] INFO CucumberJava - ************Login************
2022-09-05 11:37:13,377 [main] INFO CucumberJava - ************Account page shown************
2022-09-05 11:37:16,931 [main] INFO CucumberJava - ************Account search************
2022-09-05 11:37:17,078 [main] INFO CucumberJava - ************Show Account in result page************
2022-09-05 11:37:22,289 [main] INFO CucumberJava - ************Click in account from page result************
2022-09-05 11:37:26,966 [main] INFO CucumberJava - ************Create Opportunity form shown************
2022-09-05 11:37:29,165 [main] INFO CucumberJava - ************Opportunity form displayed************
2022-09-05 11:37:32,240 [main] INFO CucumberJava - ************Opportunity details completion in form************
2022-09-05 13:52:30,522 [main] INFO CucumberJava - ************Launching Browser************
2022-09-05 13:52:36,664 [main] INFO CucumberJava - ************Opening Tacton CPQ Test2************
2022-09-05 13:52:40,562 [main] INFO CucumberJava - ************Login************
2022-09-05 13:52:47,039 [main] INFO CucumberJava - ************Account page shown************
2022-09-05 13:52:50,680 [main] INFO CucumberJava - ************Account search************
2022-09-05 13:52:50,871 [main] INFO CucumberJava - ************Show Account in result page************
2022-09-05 13:52:56,097 [main] INFO CucumberJava - ************Click in account from page result************
2022-09-05 13:53:00,902 [main] INFO CucumberJava - ************Create Opportunity form shown************
2022-09-05 13:53:03,128 [main] INFO CucumberJava - ************Opportunity form displayed************
2022-09-05 13:53:06,208 [main] INFO CucumberJava - ************Opportunity details completion in form************
2022-09-05 13:55:48,409 [main] INFO CucumberJava - ************Launching Browser************
2022-09-05 13:55:52,387 [main] INFO CucumberJava - ************Opening Tacton CPQ Test2************
2022-09-05 13:55:56,033 [main] INFO CucumberJava - ************Login************
2022-09-05 13:56:02,256 [main] INFO CucumberJava - ************Account page shown************
2022-09-05 13:56:05,817 [main] INFO CucumberJava - ************Account search************
2022-09-05 13:56:05,998 [main] INFO CucumberJava - ************Show Account in result page************
2022-09-05 13:56:11,187 [main] INFO CucumberJava - ************Click in account from page result************
2022-09-05 13:56:15,830 [main] INFO CucumberJava - ************Create Opportunity form shown************
2022-09-05 13:56:18,057 [main] INFO CucumberJava - ************Opportunity form displayed************
2022-09-05 13:56:21,120 [main] INFO CucumberJava - ************Opportunity details completion in form************
2022-09-05 14:01:17,632 [main] INFO CucumberJava - ************Launching Browser************
2022-09-05 14:01:21,615 [main] INFO CucumberJava - ************Opening Tacton CPQ Test2************
2022-09-05 14:01:25,382 [main] INFO CucumberJava - ************Login************
2022-09-05 14:01:31,665 [main] INFO CucumberJava - ************Account page shown************
2022-09-05 14:01:35,183 [main] INFO CucumberJava - ************Account search************
2022-09-05 14:01:35,354 [main] INFO CucumberJava - ************Show Account in result page************
2022-09-05 14:01:40,627 [main] INFO CucumberJava - ************Click in account from page result************
2022-09-05 14:01:45,261 [main] INFO CucumberJava - ************Create Opportunity form shown************
2022-09-05 14:01:47,494 [main] INFO CucumberJava - ************Opportunity form displayed************
2022-09-05 14:01:50,577 [main] INFO CucumberJava - ************Opportunity details completion in form************
2022-09-05 14:04:14,841 [main] INFO CucumberJava - ************Launching Browser************
2022-09-05 14:04:18,763 [main] INFO CucumberJava - ************Opening Tacton CPQ Test2************
2022-09-05 14:04:22,562 [main] INFO CucumberJava - ************Login************
2022-09-05 14:04:28,768 [main] INFO CucumberJava - ************Account page shown************
2022-09-05 14:04:32,344 [main] INFO CucumberJava - ************Account search************
2022-09-05 14:04:32,539 [main] INFO CucumberJava - ************Show Account in result page************
2022-09-05 14:04:37,745 [main] INFO CucumberJava - ************Click in account from page result************
2022-09-05 14:04:42,323 [main] INFO CucumberJava - ************Create Opportunity form shown************
2022-09-05 14:04:44,530 [main] INFO CucumberJava - ************Opportunity form displayed************
2022-09-05 14:04:47,606 [main] INFO CucumberJava - ************Opportunity details completion in form************
2022-09-05 14:06:36,996 [main] INFO CucumberJava - ************Launching Browser************
2022-09-05 14:06:40,930 [main] INFO CucumberJava - ************Opening Tacton CPQ Test2************
2022-09-05 14:06:44,652 [main] INFO CucumberJava - ************Login************
2022-09-05 14:06:50,903 [main] INFO CucumberJava - ************Account page shown************
2022-09-05 14:06:54,502 [main] INFO CucumberJava - ************Account search************
2022-09-05 14:06:54,665 [main] INFO CucumberJava - ************Show Account in result page************
2022-09-05 14:06:59,907 [main] INFO CucumberJava - ************Click in account from page result************
2022-09-05 14:07:04,533 [main] INFO CucumberJava - ************Create Opportunity form shown************
2022-09-05 14:07:06,729 [main] INFO CucumberJava - ************Opportunity form displayed************
2022-09-05 14:07:09,820 [main] INFO CucumberJava - ************Opportunity details completion in form************
2022-09-05 14:09:54,536 [main] INFO CucumberJava - ************Launching Browser************
2022-09-05 14:09:58,703 [main] INFO CucumberJava - ************Opening Tacton CPQ Test2************
2022-09-05 14:10:02,492 [main] INFO CucumberJava - ************Login************
2022-09-05 14:10:08,821 [main] INFO CucumberJava - ************Account page shown************
2022-09-05 14:10:12,343 [main] INFO CucumberJava - ************Account search************
2022-09-05 14:10:12,519 [main] INFO CucumberJava - ************Show Account in result page************
2022-09-05 14:10:17,752 [main] INFO CucumberJava - ************Click in account from page result************
2022-09-05 14:10:22,329 [main] INFO CucumberJava - ************Create Opportunity form shown************
2022-09-05 14:10:24,543 [main] INFO CucumberJava - ************Opportunity form displayed************
2022-09-05 14:10:27,623 [main] INFO CucumberJava - ************Opportunity details completion in form************
2022-09-05 14:11:25,513 [main] INFO CucumberJava - ************Launching Browser************
2022-09-05 14:11:29,453 [main] INFO CucumberJava - ************Opening Tacton CPQ Test2************
2022-09-05 14:11:33,131 [main] INFO CucumberJava - ************Login************
2022-09-05 14:11:39,254 [main] INFO CucumberJava - ************Account page shown************
2022-09-05 14:11:42,803 [main] INFO CucumberJava - ************Account search************
2022-09-05 14:11:42,986 [main] INFO CucumberJava - ************Show Account in result page************
2022-09-05 14:11:48,191 [main] INFO CucumberJava - ************Click in account from page result************
2022-09-05 14:11:52,768 [main] INFO CucumberJava - ************Create Opportunity form shown************
2022-09-05 14:11:54,986 [main] INFO CucumberJava - ************Opportunity form displayed************
2022-09-05 14:11:58,068 [main] INFO CucumberJava - ************Opportunity details completion in form************
2022-09-05 17:46:13,016 [main] INFO CucumberJava - ************Launching Browser************
2022-09-05 17:46:16,384 [main] INFO CucumberJava - ************Opening Tacton CPQ Test2************
2022-09-05 17:46:20,507 [main] INFO CucumberJava - ************Login************
2022-09-05 17:46:26,471 [main] INFO CucumberJava - ************Account page shown************
2022-09-05 17:46:29,972 [main] INFO CucumberJava - ************Account search************
2022-09-05 17:46:30,105 [main] INFO CucumberJava - ************Show Account in result page************
2022-09-05 17:46:35,259 [main] INFO CucumberJava - ************Click in account from page result************
2022-09-05 17:46:40,008 [main] INFO CucumberJava - ************Create Opportunity form shown************
2022-09-05 17:46:42,138 [main] INFO CucumberJava - ************Opportunity form displayed************
2022-09-05 17:46:45,202 [main] INFO CucumberJava - ************Opportunity details completion in form************
2022-09-05 17:50:00,990 [main] INFO CucumberJava - ************Launching Browser************
2022-09-05 17:50:03,994 [main] INFO CucumberJava - ************Opening Tacton CPQ Test2************
2022-09-05 17:50:07,682 [main] INFO CucumberJava - ************Login************
2022-09-05 17:50:13,668 [main] INFO CucumberJava - ************Account page shown************
2022-09-05 17:50:17,181 [main] INFO CucumberJava - ************Account search************
2022-09-05 17:50:17,334 [main] INFO CucumberJava - ************Show Account in result page************
2022-09-05 17:50:22,496 [main] INFO CucumberJava - ************Click in account from page result************
2022-09-05 17:50:26,935 [main] INFO CucumberJava - ************Create Opportunity form shown************
2022-09-05 17:50:29,087 [main] INFO CucumberJava - ************Opportunity form displayed************
2022-09-05 17:50:32,167 [main] INFO CucumberJava - ************Opportunity details completion in form************
2022-09-05 17:54:27,044 [main] INFO CucumberJava - ************Launching Browser************
2022-09-05 17:54:29,727 [main] INFO CucumberJava - ************Opening Tacton CPQ Test2************
2022-09-05 17:54:33,259 [main] INFO CucumberJava - ************Login************
2022-09-05 17:54:39,217 [main] INFO CucumberJava - ************Account page shown************
2022-09-05 17:54:42,644 [main] INFO CucumberJava - ************Account search************
2022-09-05 17:54:42,761 [main] INFO CucumberJava - ************Show Account in result page************
2022-09-05 17:54:47,922 [main] INFO CucumberJava - ************Click in account from page result************
2022-09-05 17:54:52,363 [main] INFO CucumberJava - ************Create Opportunity form shown************
2022-09-05 17:54:54,497 [main] INFO CucumberJava - ************Opportunity form displayed************
2022-09-05 17:54:57,567 [main] INFO CucumberJava - ************Opportunity details completion in form************
2022-09-05 17:57:49,445 [main] INFO CucumberJava - ************Launching Browser************
2022-09-05 17:57:52,256 [main] INFO CucumberJava - ************Opening Tacton CPQ Test2************
2022-09-05 17:57:55,801 [main] INFO CucumberJava - ************Login************
2022-09-05 17:58:01,832 [main] INFO CucumberJava - ************Account page shown************
2022-09-05 17:58:05,316 [main] INFO CucumberJava - ************Account search************
2022-09-05 17:58:05,444 [main] INFO CucumberJava - ************Show Account in result page************
2022-09-05 17:58:10,595 [main] INFO CucumberJava - ************Click in account from page result************
2022-09-05 17:58:15,041 [main] INFO CucumberJava - ************Create Opportunity form shown************
2022-09-05 17:58:17,203 [main] INFO CucumberJava - ************Opportunity form displayed************
2022-09-05 17:58:20,274 [main] INFO CucumberJava - ************Opportunity details completion in form************
2022-09-05 18:02:26,197 [main] INFO CucumberJava - ************Launching Browser************
2022-09-05 18:02:28,817 [main] INFO CucumberJava - ************Opening Tacton CPQ Test2************
2022-09-05 18:02:32,315 [main] INFO CucumberJava - ************Login************
2022-09-05 18:02:38,235 [main] INFO CucumberJava - ************Account page shown************
2022-09-05 18:02:41,662 [main] INFO CucumberJava - ************Account search************
2022-09-05 18:02:41,821 [main] INFO CucumberJava - ************Show Account in result page************
2022-09-05 18:02:46,960 [main] INFO CucumberJava - ************Click in account from page result************
2022-09-05 18:02:51,440 [main] INFO CucumberJava - ************Create Opportunity form shown************
2022-09-05 18:02:53,589 [main] INFO CucumberJava - ************Opportunity form displayed************
2022-09-05 18:02:56,663 [main] INFO CucumberJava - ************Opportunity details completion in form************
2022-09-05 18:03:05,795 [main] INFO CucumberJava - ************Click in create opportunity button************
2022-09-05 18:12:09,912 [main] INFO CucumberJava - ************Launching Browser************
2022-09-05 18:12:13,124 [main] INFO CucumberJava - ************Opening Tacton CPQ Test2************
2022-09-05 18:12:16,685 [main] INFO CucumberJava - ************Login************
2022-09-05 18:12:22,701 [main] INFO CucumberJava - ************Account page shown************
2022-09-05 18:12:26,204 [main] INFO CucumberJava - ************Account search************
2022-09-05 18:12:26,348 [main] INFO CucumberJava - ************Show Account in result page************
2022-09-05 18:12:31,522 [main] INFO CucumberJava - ************Click in account from page result************
2022-09-05 18:12:35,998 [main] INFO CucumberJava - ************Create Opportunity form shown************
2022-09-05 18:12:38,223 [main] INFO CucumberJava - ************Opportunity form displayed************
2022-09-05 18:12:41,303 [main] INFO CucumberJava - ************Opportunity details completion in form************
2022-09-05 18:12:50,622 [main] INFO CucumberJava - ************Click in create opportunity button************
2022-09-05 19:10:34,001 [main] INFO CucumberJava - ************Launching Browser************
2022-09-05 19:10:36,601 [main] INFO CucumberJava - ************Opening Tacton CPQ Test2************
2022-09-05 19:10:40,090 [main] INFO CucumberJava - ************Login************
2022-09-05 19:10:46,047 [main] INFO CucumberJava - ************Account page shown************
2022-09-05 19:10:49,568 [main] INFO CucumberJava - ************Account search************
2022-09-05 19:10:49,642 [main] INFO CucumberJava - ************Show Account in result page************
2022-09-05 19:10:54,754 [main] INFO CucumberJava - ************Click in account from page result************
2022-09-05 19:10:59,297 [main] INFO CucumberJava - ************Create Opportunity form shown************
2022-09-05 19:11:01,437 [main] INFO CucumberJava - ************Opportunity form displayed************
2022-09-05 19:11:04,498 [main] INFO CucumberJava - ************Opportunity details completion in form************
2022-09-05 19:11:13,477 [main] INFO CucumberJava - ************Click in create opportunity button************
2022-09-05 19:11:28,726 [main] INFO CucumberJava - ************Launching Browser************
2022-09-05 19:11:31,203 [main] INFO CucumberJava - ************Opening Tacton CPQ Test2************
2022-09-05 19:11:34,572 [main] INFO CucumberJava - ************Login************
2022-09-05 19:11:40,414 [main] INFO CucumberJava - ************Account page shown************
2022-09-05 19:11:43,883 [main] INFO CucumberJava - ************Account search************
2022-09-05 19:11:44,023 [main] INFO CucumberJava - ************Show Account in result page************
2022-09-05 19:11:49,157 [main] INFO CucumberJava - ************Click in account from page result************
2022-09-05 19:11:53,589 [main] INFO CucumberJava - ************Create Opportunity form shown************
2022-09-05 19:11:55,705 [main] INFO CucumberJava - ************Opportunity form displayed************
2022-09-05 19:11:58,757 [main] INFO CucumberJava - ************Opportunity details completion in form************
2022-09-05 19:12:07,892 [main] INFO CucumberJava - ************Click in create opportunity button************
2022-09-05 19:13:13,382 [main] INFO CucumberJava - ************Launching Browser************
2022-09-05 19:13:16,069 [main] INFO CucumberJava - ************Opening Tacton CPQ Test2************
2022-09-05 19:13:19,568 [main] INFO CucumberJava - ************Login************
2022-09-05 19:13:25,487 [main] INFO CucumberJava - ************Account page shown************
2022-09-05 19:13:28,929 [main] INFO CucumberJava - ************Account search************
2022-09-05 19:13:29,074 [main] INFO CucumberJava - ************Show Account in result page************
2022-09-05 19:13:34,201 [main] INFO CucumberJava - ************Click in account from page result************
2022-09-05 19:13:38,646 [main] INFO CucumberJava - ************Create Opportunity form shown************
2022-09-05 19:13:40,795 [main] INFO CucumberJava - ************Opportunity form displayed************
2022-09-05 19:13:43,846 [main] INFO CucumberJava - ************Opportunity details completion in form************
2022-09-05 19:13:52,906 [main] INFO CucumberJava - ************Click in create opportunity button************
2022-09-05 19:14:04,189 [main] INFO CucumberJava - ************Launching Browser************
2022-09-05 19:14:06,556 [main] INFO CucumberJava - ************Opening Tacton CPQ Test2************
2022-09-05 19:14:10,040 [main] INFO CucumberJava - ************Login************
2022-09-05 19:14:15,889 [main] INFO CucumberJava - ************Account page shown************
2022-09-05 19:14:19,274 [main] INFO CucumberJava - ************Account search************
2022-09-05 19:14:19,384 [main] INFO CucumberJava - ************Show Account in result page************
2022-09-05 19:14:24,501 [main] INFO CucumberJava - ************Click in account from page result************
2022-09-05 19:14:28,898 [main] INFO CucumberJava - ************Create Opportunity form shown************
2022-09-05 19:14:31,054 [main] INFO CucumberJava - ************Opportunity form displayed************
2022-09-05 19:14:34,097 [main] INFO CucumberJava - ************Opportunity details completion in form************
2022-09-05 19:14:43,119 [main] INFO CucumberJava - ************Click in create opportunity button************
2022-09-05 19:32:21,550 [main] INFO CucumberJava - ************Launching Browser************
2022-09-05 19:32:25,395 [main] INFO CucumberJava - ************Opening Tacton CPQ Test2************
2022-09-05 19:32:28,945 [main] INFO CucumberJava - ************Login************
2022-09-05 19:32:35,019 [main] INFO CucumberJava - ************Account page shown************
2022-09-05 19:32:38,453 [main] INFO CucumberJava - ************Account search************
2022-09-05 19:32:38,550 [main] INFO CucumberJava - ************Show Account in result page************
2022-09-05 19:32:43,737 [main] INFO CucumberJava - ************Click in account from page result************
2022-09-05 19:32:48,155 [main] INFO CucumberJava - ************Create Opportunity form shown************
2022-09-05 19:32:50,289 [main] INFO CucumberJava - ************Opportunity form displayed************
2022-09-05 19:32:53,354 [main] INFO CucumberJava - ************Opportunity details completion in form************
2022-09-05 19:33:02,471 [main] INFO CucumberJava - ************Click in create opportunity button************
2022-09-05 19:35:04,086 [main] INFO CucumberJava - ************Launching Browser************
2022-09-05 19:35:08,017 [main] INFO CucumberJava - ************Opening Tacton CPQ Test2************
2022-09-05 19:35:11,623 [main] INFO CucumberJava - ************Login************
2022-09-05 19:35:17,708 [main] INFO CucumberJava - ************Account page shown************
2022-09-05 19:35:21,159 [main] INFO CucumberJava - ************Account search************
2022-09-05 19:35:21,256 [main] INFO CucumberJava - ************Show Account in result page************
2022-09-05 19:35:26,444 [main] INFO CucumberJava - ************Click in account from page result************
2022-09-05 19:35:30,912 [main] INFO CucumberJava - ************Create Opportunity form shown************
2022-09-05 19:35:33,010 [main] INFO CucumberJava - ************Opportunity form displayed************
2022-09-05 19:35:36,059 [main] INFO CucumberJava - ************Opportunity details completion in form************
2022-09-05 19:35:45,056 [main] INFO CucumberJava - ************Click in create opportunity button************
2022-09-05 19:41:14,609 [main] INFO CucumberJava - ************Launching Browser************
2022-09-05 19:41:16,817 [main] INFO CucumberJava - ************Opening Tacton CPQ Test2************
2022-09-05 19:41:20,504 [main] INFO CucumberJava - ************Login************
2022-09-05 19:41:26,407 [main] INFO CucumberJava - ************Account page shown************
2022-09-05 19:41:29,819 [main] INFO CucumberJava - ************Account search************
2022-09-05 19:41:29,939 [main] INFO CucumberJava - ************Show Account in result page************
2022-09-05 19:41:35,053 [main] INFO CucumberJava - ************Click in account from page result************
2022-09-05 19:41:39,471 [main] INFO CucumberJava - ************Create Opportunity form shown************
2022-09-05 19:41:41,635 [main] INFO CucumberJava - ************Opportunity form displayed************
2022-09-05 19:41:44,699 [main] INFO CucumberJava - ************Opportunity details completion in form************
2022-09-05 19:41:53,877 [main] INFO CucumberJava - ************Click in create opportunity button************
2022-09-05 21:51:39,327 [main] INFO CucumberJava - ************Launching Browser************
2022-09-05 21:51:42,212 [main] INFO CucumberJava - ************Opening Tacton CPQ Test2************
2022-09-05 21:51:45,856 [main] INFO CucumberJava - ************Login************
2022-09-05 21:51:51,796 [main] INFO CucumberJava - ************Account page shown************
2022-09-05 21:51:55,309 [main] INFO CucumberJava - ************Account search************
2022-09-05 21:51:55,436 [main] INFO CucumberJava - ************Show Account in result page************
2022-09-05 21:52:00,552 [main] INFO CucumberJava - ************Click in account from page result************
2022-09-05 21:52:05,135 [main] INFO CucumberJava - ************Create Opportunity form shown************
2022-09-05 21:52:07,280 [main] INFO CucumberJava - ************Opportunity form displayed************
2022-09-05 21:52:10,352 [main] INFO CucumberJava - ************Opportunity details completion in form************
2022-09-05 21:54:24,428 [main] INFO CucumberJava - ************Launching Browser************
2022-09-05 21:54:26,990 [main] INFO CucumberJava - ************Opening Tacton CPQ Test2************
2022-09-05 21:54:30,405 [main] INFO CucumberJava - ************Login************
2022-09-05 21:54:36,257 [main] INFO CucumberJava - ************Account page shown************
2022-09-05 21:54:39,681 [main] INFO CucumberJava - ************Account search************
2022-09-05 21:54:39,781 [main] INFO CucumberJava - ************Show Account in result page************
2022-09-05 21:54:44,916 [main] INFO CucumberJava - ************Click in account from page result************
2022-09-05 21:54:49,366 [main] INFO CucumberJava - ************Create Opportunity form shown************
2022-09-05 21:54:51,531 [main] INFO CucumberJava - ************Opportunity form displayed************
2022-09-05 21:54:54,594 [main] INFO CucumberJava - ************Opportunity details completion in form************
2022-09-05 21:55:03,630 [main] INFO CucumberJava - ************Click in create opportunity button************
2022-09-05 21:57:44,565 [main] INFO CucumberJava - ************Launching Browser************
2022-09-05 21:57:47,585 [main] INFO CucumberJava - ************Opening Tacton CPQ Test2************
2022-09-05 21:57:50,990 [main] INFO CucumberJava - ************Login************
2022-09-05 21:57:56,920 [main] INFO CucumberJava - ************Account page shown************
2022-09-05 21:58:00,343 [main] INFO CucumberJava - ************Account search************
2022-09-05 21:58:00,421 [main] INFO CucumberJava - ************Show Account in result page************
2022-09-05 21:58:05,598 [main] INFO CucumberJava - ************Click in account from page result************
2022-09-05 21:58:09,985 [main] INFO CucumberJava - ************Create Opportunity form shown************
2022-09-05 21:58:12,111 [main] INFO CucumberJava - ************Opportunity form displayed************
2022-09-05 21:58:15,179 [main] INFO CucumberJava - ************Opportunity details completion in form************
2022-09-05 21:58:45,194 [main] INFO CucumberJava - ************Launching Browser************
2022-09-05 21:58:47,704 [main] INFO CucumberJava - ************Opening Tacton CPQ Test2************
2022-09-05 21:58:51,264 [main] INFO CucumberJava - ************Login************
2022-09-05 21:58:57,199 [main] INFO CucumberJava - ************Account page shown************
2022-09-05 21:59:00,677 [main] INFO CucumberJava - ************Account search************
2022-09-05 21:59:00,767 [main] INFO CucumberJava - ************Show Account in result page************
2022-09-05 21:59:05,887 [main] INFO CucumberJava - ************Click in account from page result************
2022-09-05 21:59:10,320 [main] INFO CucumberJava - ************Create Opportunity form shown************
2022-09-05 21:59:12,419 [main] INFO CucumberJava - ************Opportunity form displayed************
2022-09-05 21:59:15,488 [main] INFO CucumberJava - ************Opportunity details completion in form************
2022-09-05 21:59:24,596 [main] INFO CucumberJava - ************Click in create opportunity button************
2022-09-05 22:49:05,269 [main] INFO CucumberJava - ************Launching Browser************
2022-09-05 22:49:08,250 [main] INFO CucumberJava - ************Opening Tacton CPQ Test2************
2022-09-05 22:49:11,928 [main] INFO CucumberJava - ************Login************
2022-09-05 22:49:17,880 [main] INFO CucumberJava - ************Account page shown************
2022-09-05 22:49:21,371 [main] INFO CucumberJava - ************Account search************
2022-09-05 22:49:21,501 [main] INFO CucumberJava - ************Show Account in result page************
2022-09-05 22:49:26,625 [main] INFO CucumberJava - ************Click in account from page result************
2022-09-05 22:49:31,188 [main] INFO CucumberJava - ************Create Opportunity form shown************
2022-09-05 22:49:33,317 [main] INFO CucumberJava - ************Opportunity form displayed************
2022-09-05 22:49:36,359 [main] INFO CucumberJava - ************Opportunity details completion in form************
2022-09-05 22:51:35,863 [main] INFO CucumberJava - ************Launching Browser************
2022-09-05 22:51:38,357 [main] INFO CucumberJava - ************Opening Tacton CPQ Test2************
2022-09-05 22:51:41,745 [main] INFO CucumberJava - ************Login************
2022-09-05 22:51:47,668 [main] INFO CucumberJava - ************Account page shown************
2022-09-05 22:51:51,113 [main] INFO CucumberJava - ************Account search************
2022-09-05 22:51:51,241 [main] INFO CucumberJava - ************Show Account in result page************
2022-09-05 22:51:56,375 [main] INFO CucumberJava - ************Click in account from page result************
2022-09-05 22:52:01,079 [main] INFO CucumberJava - ************Create Opportunity form shown************
2022-09-05 22:52:03,290 [main] INFO CucumberJava - ************Opportunity form displayed************
2022-09-05 22:52:06,375 [main] INFO CucumberJava - ************Opportunity details completion in form************
2022-09-05 22:52:16,281 [main] INFO CucumberJava - ************Click in create opportunity button************
2022-09-05 22:57:24,062 [main] INFO CucumberJava - ************Launching Browser************
2022-09-05 22:57:28,546 [main] INFO CucumberJava - ************Opening Tacton CPQ Test2************
2022-09-05 22:57:32,399 [main] INFO CucumberJava - ************Login************
2022-09-05 22:57:38,885 [main] INFO CucumberJava - ************Account page shown************
2022-09-05 22:57:42,428 [main] INFO CucumberJava - ************Account search************
2022-09-05 22:57:42,663 [main] INFO CucumberJava - ************Show Account in result page************
2022-09-05 22:57:48,018 [main] INFO CucumberJava - ************Click in account from page result************
2022-09-05 22:57:52,691 [main] INFO CucumberJava - ************Create Opportunity form shown************
2022-09-05 22:57:54,895 [main] INFO CucumberJava - ************Opportunity form displayed************
2022-09-05 22:57:57,993 [main] INFO CucumberJava - ************Opportunity details completion in form************
2022-09-05 22:59:34,729 [main] INFO CucumberJava - ************Launching Browser************
2022-09-05 22:59:40,486 [main] INFO CucumberJava - ************Opening Tacton CPQ Test2************
2022-09-05 22:59:44,114 [main] INFO CucumberJava - ************Login************
2022-09-05 22:59:50,272 [main] INFO CucumberJava - ************Account page shown************
2022-09-05 22:59:53,768 [main] INFO CucumberJava - ************Account search************
2022-09-05 22:59:53,921 [main] INFO CucumberJava - ************Show Account in result page************
2022-09-05 22:59:59,100 [main] INFO CucumberJava - ************Click in account from page result************
2022-09-05 23:00:03,979 [main] INFO CucumberJava - ************Create Opportunity form shown************
2022-09-05 23:00:06,212 [main] INFO CucumberJava - ************Opportunity form displayed************
2022-09-05 23:00:09,278 [main] INFO CucumberJava - ************Opportunity details completion in form************
2022-09-05 23:00:18,840 [main] INFO CucumberJava - ************Click in create opportunity button************
2022-09-06 08:26:38,859 [main] INFO CucumberJava - ************Launching Browser************
2022-09-06 08:26:41,634 [main] INFO CucumberJava - ************Opening Tacton CPQ Test2************
2022-09-06 08:26:45,079 [main] INFO CucumberJava - ************Login************
2022-09-06 08:26:50,996 [main] INFO CucumberJava - ************Account page shown************
2022-09-06 08:26:54,519 [main] INFO CucumberJava - ************Account search************
2022-09-06 08:26:54,648 [main] INFO CucumberJava - ************Show Account in result page************
2022-09-06 08:26:59,760 [main] INFO CucumberJava - ************Click in account from page result************
2022-09-06 08:27:04,347 [main] INFO CucumberJava - ************Create Opportunity form shown************
2022-09-06 08:27:06,515 [main] INFO CucumberJava - ************Opportunity form displayed************
2022-09-06 08:27:09,570 [main] INFO CucumberJava - ************Opportunity details completion in form************
2022-09-06 08:27:18,704 [main] INFO CucumberJava - ************Click in create opportunity button************
2022-09-06 08:27:22,626 [main] INFO CucumberJava - ************Opportunity details shown************
2022-09-06 08:51:06,506 [main] INFO CucumberJava - ************Launching Browser************
2022-09-06 08:51:08,903 [main] INFO CucumberJava - ************Opening Tacton CPQ Test2************
2022-09-06 08:51:12,409 [main] INFO CucumberJava - ************Login************
2022-09-06 08:51:18,315 [main] INFO CucumberJava - ************Account page shown************
2022-09-06 08:51:21,740 [main] INFO CucumberJava - ************Account search************
2022-09-06 08:51:21,857 [main] INFO CucumberJava - ************Show Account in result page************
2022-09-06 08:51:26,964 [main] INFO CucumberJava - ************Click in account from page result************
2022-09-06 08:51:31,419 [main] INFO CucumberJava - ************Create Opportunity form shown************
2022-09-06 08:51:33,572 [main] INFO CucumberJava - ************Opportunity form displayed************
2022-09-06 08:51:36,654 [main] INFO CucumberJava - ************Opportunity details completion in form************
2022-09-06 08:51:45,885 [main] INFO CucumberJava - ************Click in create opportunity button************
2022-09-06 08:51:49,685 [main] INFO CucumberJava - ************Opportunity details shown************
2022-09-06 08:54:17,667 [main] INFO CucumberJava - ************Launching Browser************
2022-09-06 08:54:20,486 [main] INFO CucumberJava - ************Opening Tacton CPQ Test2************
2022-09-06 08:54:23,981 [main] INFO CucumberJava - ************Login************
2022-09-06 08:54:29,915 [main] INFO CucumberJava - ************Account page shown************
2022-09-06 08:54:33,385 [main] INFO CucumberJava - ************Account search************
2022-09-06 08:54:33,498 [main] INFO CucumberJava - ************Show Account in result page************
2022-09-06 08:54:38,639 [main] INFO CucumberJava - ************Click in account from page result************
2022-09-06 08:54:43,056 [main] INFO CucumberJava - ************Create Opportunity form shown************
2022-09-06 08:54:45,172 [main] INFO CucumberJava - ************Opportunity form displayed************
2022-09-06 08:54:48,250 [main] INFO CucumberJava - ************Opportunity details completion in form************
2022-09-06 08:56:03,963 [main] INFO CucumberJava - ************Launching Browser************
2022-09-06 08:56:06,575 [main] INFO CucumberJava - ************Opening Tacton CPQ Test2************
2022-09-06 08:56:10,137 [main] INFO CucumberJava - ************Login************
2022-09-06 08:56:16,079 [main] INFO CucumberJava - ************Account page shown************
2022-09-06 08:56:19,596 [main] INFO CucumberJava - ************Account search************
2022-09-06 08:56:19,691 [main] INFO CucumberJava - ************Show Account in result page************
2022-09-06 08:56:24,814 [main] INFO CucumberJava - ************Click in account from page result************
2022-09-06 08:56:29,289 [main] INFO CucumberJava - ************Create Opportunity form shown************
2022-09-06 08:56:31,398 [main] INFO CucumberJava - ************Opportunity form displayed************
2022-09-06 08:56:34,444 [main] INFO CucumberJava - ************Opportunity details completion in form************
2022-09-06 08:56:43,858 [main] INFO CucumberJava - ************Click in create opportunity button************
2022-09-06 08:56:47,749 [main] INFO CucumberJava - ************Opportunity details shown************
2022-09-06 14:51:07,283 [main] INFO CucumberJava - ************Launching Browser************
2022-09-06 14:51:13,658 [main] INFO CucumberJava - ************Opening Tacton CPQ Test2************
2022-09-06 14:51:17,754 [main] INFO CucumberJava - ************Login************
2022-09-06 14:51:24,102 [main] INFO CucumberJava - ************Account page shown************
2022-09-06 14:51:27,705 [main] INFO CucumberJava - ************Account search************
2022-09-06 14:51:27,883 [main] INFO CucumberJava - ************Show Account in result page************
2022-09-06 14:51:33,110 [main] INFO CucumberJava - ************Click in account from page result************
2022-09-06 14:51:38,007 [main] INFO CucumberJava - ************Create Opportunity form shown************
2022-09-06 14:51:40,241 [main] INFO CucumberJava - ************Opportunity form displayed************
2022-09-06 14:51:43,318 [main] INFO CucumberJava - ************Opportunity details completion in form************
2022-09-06 14:51:52,944 [main] INFO CucumberJava - ************Click in create opportunity button************
2022-09-06 14:51:57,243 [main] INFO CucumberJava - ************Opportunity details shown************
2022-09-06 14:53:52,172 [main] INFO CucumberJava - ************Launching Browser************
2022-09-06 14:53:56,858 [main] INFO CucumberJava - ************Opening Tacton CPQ Test2************
2022-09-06 14:54:00,750 [main] INFO CucumberJava - ************Login************
2022-09-06 14:54:07,167 [main] INFO CucumberJava - ************Account page shown************
2022-09-06 14:54:10,816 [main] INFO CucumberJava - ************Account search************
2022-09-06 14:54:11,005 [main] INFO CucumberJava - ************Show Account in result page************
2022-09-06 14:54:16,246 [main] INFO CucumberJava - ************Click in account from page result************
2022-09-06 14:54:20,947 [main] INFO CucumberJava - ************Create Opportunity form shown************
2022-09-06 14:54:23,150 [main] INFO CucumberJava - ************Opportunity form displayed************
2022-09-06 14:54:26,225 [main] INFO CucumberJava - ************Opportunity details completion in form************
2022-09-06 14:54:36,039 [main] INFO CucumberJava - ************Click in create opportunity button************
2022-09-06 14:54:40,222 [main] INFO CucumberJava - ************Opportunity details shown************
